E:\nxt-xtion\nxt-xtion\Debug\cl.command.1.tlog
E:\nxt-xtion\nxt-xtion\Debug\CL.read.1.tlog
E:\nxt-xtion\nxt-xtion\Debug\CL.write.1.tlog
E:\nxt-xtion\nxt-xtion\Debug\link.1148.read.1.tlog
E:\nxt-xtion\nxt-xtion\Debug\link.1148.write.1.tlog
E:\nxt-xtion\nxt-xtion\Debug\link.2256.read.1.tlog
E:\nxt-xtion\nxt-xtion\Debug\link.2256.write.1.tlog
E:\nxt-xtion\nxt-xtion\Debug\link.4260.read.1.tlog
E:\nxt-xtion\nxt-xtion\Debug\link.4260.write.1.tlog
E:\nxt-xtion\nxt-xtion\Debug\link.4756.read.1.tlog
E:\nxt-xtion\nxt-xtion\Debug\link.4756.write.1.tlog
E:\nxt-xtion\nxt-xtion\Debug\link.4820.read.1.tlog
E:\nxt-xtion\nxt-xtion\Debug\link.4820.write.1.tlog
E:\nxt-xtion\nxt-xtion\Debug\link.command.1.tlog
E:\nxt-xtion\nxt-xtion\Debug\link.read.1.tlog
E:\nxt-xtion\nxt-xtion\Debug\link.write.1.tlog
E:\NXT-XTION\NXT-XTION\DEBUG\MAIN.OBJ
E:\NXT-XTION\NXT-XTION\DEBUG\MINDSTORMVIEWER.EXE
E:\NXT-XTION\NXT-XTION\DEBUG\MINDSTORMVIEWER.EXE.INTERMEDIATE.MANIFEST
E:\NXT-XTION\NXT-XTION\DEBUG\MINDSTORMVIEWER.ILK
E:\NXT-XTION\NXT-XTION\DEBUG\MINDSTORMVIEWER.PDB
E:\nxt-xtion\nxt-xtion\Debug\MindstormViewer.write.1.tlog
E:\nxt-xtion\nxt-xtion\Debug\mt.command.1.tlog
E:\nxt-xtion\nxt-xtion\Debug\mt.read.1.tlog
E:\nxt-xtion\nxt-xtion\Debug\mt.write.1.tlog
E:\nxt-xtion\nxt-xtion\Debug\NiTE2.jni.pdb
E:\nxt-xtion\nxt-xtion\Debug\NiTE2.pdb
E:\nxt-xtion\nxt-xtion\Debug\OpenNI2.jni.pdb
E:\nxt-xtion\nxt-xtion\Debug\OpenNI2.pdb
E:\nxt-xtion\nxt-xtion\Debug\vc100.idb
E:\NXT-XTION\NXT-XTION\DEBUG\VC100.PDB
E:\NXT-XTION\NXT-XTION\DEBUG\VIEWER.OBJ
